<?xml version="1.0" encoding="UTF-8"?>
<!-- Generated by org.testng.reporters.JUnitReportReporter -->
<testsuite hostname="TS-N-LP006" name="restAPI.Basics.RestAssuredDemo" tests="1" failures="0" timestamp="2 May 2019 14:59:56 GMT" time="3.525" errors="0">
  <testcase name="getCall" time="3.525" classname="restAPI.Basics.RestAssuredDemo"/>
</testsuite> <!-- restAPI.Basics.RestAssuredDemo -->
